<?xml version="1.0" encoding="UTF-8"?>
<!-- Generated by org.testng.reporters.JUnitReportReporter -->
<testsuite skipped="0" hostname="DESKTOP-QONR7Q2" name="Firstpackage.FirstClass" tests="1" failures="0" timestamp="29 Sep 2017 17:44:58 GMT" time="9.878" errors="0">
  <testcase name="testJenkins" time="9.878" classname="Firstpackage.FirstClass"/>
</testsuite> <!-- Firstpackage.FirstClass -->
